<?xml version="1.0" encoding="UTF-8"?>
<!-- Generated by org.testng.reporters.JUnitReportReporter -->
<testsuite hostname="DESKTOP-PO2LNDL" failures="0" tests="1" name="OrganizationTest.CreatOrgainzationTest" time="24.976" errors="0" timestamp="2024-08-13T15:16:21 IST" skipped="0">
  <testcase classname="OrganizationTest.CreatOrgainzationTest" name="creatorg" time="24.976"/>
  <system-out>
    <![CDATA[==ORGANIATION IS CREATED AND TC IS PASSED]]>
  </system-out>
</testsuite> <!-- OrganizationTest.CreatOrgainzationTest -->
